

Thu Feb 13 2025 09:54:36:92 GMT+0000 (GMT) -- Setting output as verbose
Thu Feb 13 2025 09:54:36:92 GMT+0000 (GMT) -- Setting up proxy connection to localhost:3128
Thu Feb 13 2025 09:54:36:93 GMT+0000 (GMT) -- Proxy is configured
(Not all processes could be identified, non-owned process info
 will not be shown, you would have to be root to see it all.)
(Not all processes could be identified, non-owned process info
 will not be shown, you would have to be root to see it all.)
Thu Feb 13 2025 09:54:36:322 GMT+0000 (GMT) -- Starting configuration console on http://localhost:45454
Thu Feb 13 2025 09:54:37:87 GMT+0000 (GMT) -- [INFO] Started the BrowserStack Binary server on 45691, PID: 2740286
Thu Feb 13 2025 09:54:37:223 GMT+0000 (GMT) -- Setting up proxy connection to localhost:3128
Thu Feb 13 2025 09:54:37:224 GMT+0000 (GMT) -- Proxy is configured
Thu Feb 13 2025 09:54:37:235 GMT+0000 (GMT) -- Setting up proxy connection to localhost:3128
Thu Feb 13 2025 09:54:37:237 GMT+0000 (GMT) -- Proxy is configured
Thu Feb 13 2025 09:54:37:245 GMT+0000 (GMT) -- Setting up proxy connection to localhost:3128
Thu Feb 13 2025 09:54:37:247 GMT+0000 (GMT) -- Proxy is configured
Thu Feb 13 2025 09:54:37:249 GMT+0000 (GMT) -- Setting up proxy connection to localhost:3128
Thu Feb 13 2025 09:54:37:251 GMT+0000 (GMT) -- Proxy is configured
Thu Feb 13 2025 09:54:37:254 GMT+0000 (GMT) -- Setting up proxy connection to localhost:3128
Thu Feb 13 2025 09:54:37:256 GMT+0000 (GMT) -- Proxy is configured
Thu Feb 13 2025 09:54:37:288 GMT+0000 (GMT) -- [SUCCESS] You can now access your local server(s) in our remote browser

Thu Feb 13 2025 09:54:37:288 GMT+0000 (GMT) -- ***
Thu Feb 13 2025 09:54:37:288 GMT+0000 (GMT) -- Please ensure your browser is configured to bypass proxy for "bs-local.com".
Thu Feb 13 2025 09:54:37:288 GMT+0000 (GMT) -- ***

Thu Feb 13 2025 09:54:37:588 GMT+0000 (GMT) -- Connecting to BrowserStack using WebSocket protocol...
Thu Feb 13 2025 09:54:37:588 GMT+0000 (GMT) -- Platform supports WebSocket connections.

Thu Feb 13 2025 09:54:37:809 GMT+0000 (GMT) -- Connecting to BrowserStack using WebSocket protocol...
Thu Feb 13 2025 09:54:37:809 GMT+0000 (GMT) -- Platform supports WebSocket connections.

Thu Feb 13 2025 09:54:37:861 GMT+0000 (GMT) -- Connecting to BrowserStack using WebSocket protocol...
Thu Feb 13 2025 09:54:37:861 GMT+0000 (GMT) -- Platform supports WebSocket connections.

Thu Feb 13 2025 09:54:37:865 GMT+0000 (GMT) -- Connecting to BrowserStack using WebSocket protocol...
Thu Feb 13 2025 09:54:37:865 GMT+0000 (GMT) -- Platform supports WebSocket connections.

Thu Feb 13 2025 09:54:37:888 GMT+0000 (GMT) -- Connecting to BrowserStack using WebSocket protocol...
Thu Feb 13 2025 09:54:37:888 GMT+0000 (GMT) -- Platform supports WebSocket connections.

Thu Feb 13 2025 09:54:37:889 GMT+0000 (GMT) -- Connecting to BrowserStack using WebSocket protocol...
Thu Feb 13 2025 09:54:37:889 GMT+0000 (GMT) -- Platform supports WebSocket connections.

Thu Feb 13 2025 09:54:37:889 GMT+0000 (GMT) -- Press Ctrl-C to exit


