[90m2025-02-13T09:54:33.270Z[39m [32mDEBUG[39m [97m@wdio/browserstack-service[39m Sending SDK event with data {
  userName: '[REDACTED]',
  accessKey: '[REDACTED]',
  event_type: 'SDKTestAttempted',
  detectedFramework: 'WebdriverIO-mocha',
  event_properties: {
    language_framework: 'WebdriverIO_mocha',
    referrer: 'WebdriverIO-mocha/9.7.3',
    language: 'WebdriverIO',
    languageVersion: 'v22.12.0',
    buildName: 'undefined',
    buildIdentifier: 'undefined',
    os: 'Linux',
    hostname: 'T14s',
    productMap: {
      observability: true,
      accessibility: false,
      percy: false,
      automate: true,
      app_automate: false
    },
    product: [ 'observability', 'automate' ]
  }
}
[90m2025-02-13T09:54:34.215Z[39m [32mDEBUG[39m [97m@wdio/browserstack-service[39m Funnel Event Response: "{\"message\":\"SDK Event recorded successfully\"}"
[90m2025-02-13T09:54:34.215Z[39m [32mDEBUG[39m [97m@wdio/browserstack-service[39m Funnel event success
[90m2025-02-13T09:54:34.215Z[39m [32mDEBUG[39m [97m@wdio/browserstack-service[39m app is not defined in browserstack-service config, skipping ...
[90m2025-02-13T09:54:34.216Z[39m [32mDEBUG[39m [97m@wdio/browserstack-service[39m Sending launch start event
[90m2025-02-13T09:54:34.732Z[39m [32mDEBUG[39m [97m@wdio/browserstack-service[39m [Start_Build] Success response: {"observability":{"success":true,"options":{"allow_screenshots":true},"code":null,"errors":null,"error_trace_id":null},"accessibility":null,"automate":{"success":true,"options":{"allow_screenshots":true},"code":null,"errors":null,"error_trace_id":null},"build_hashed_id":"1nqfdud4h0fhnaqdgpiiv4igknfrluzmnpebrwia","jwt":"eyJhbGciOiJIUzI1NiJ9.eyJpc3MiOiJicm93c2Vyc3RhY2tfb2IiLCJzdWIiOiI4NzQ4Mjk1IiwiZ3JvdXBfaWQiOjMzMjI5ODgsInVzZXJfaWQiOjg3NDgyOTUsImJ1aWxkX2hhc2hlZF9pZCI6IjFucWZkdWQ0aDBmaG5hcWRncGlpdjRpZ2tuZnJsdXptbnBlYnJ3aWEiLCJwcm9qZWN0X25hbWUiOiJjZHAtcG9ydGFsLXRlc3RzIiwiaG9va19hc190ZXN0IjoiMSIsImJ1aWxkX25hbWUiOiJjZHAtZXhhbXBsZS10ZXN0IiwicHJvZHVjdF9tYXAiOiJ7XCJvYnNlcnZhYmlsaXR5XCI6dHJ1ZSxcImF1dG9tYXRlXCI6dHJ1ZSxcIm9yaWdpbkZyb21Qcm9kdWN0TWFwXCI6XCJBdXRvbWF0ZVwiLFwiYnN0YWNrQXV0b21hdGlvblwiOnRydWUsXCJwcm9kdWN0RmlsdGVyU291cmNlXCI6dHJ1ZSxcImNhZFwiOnRydWV9IiwiZ3JyX3JlZ2lvbiI6IiIsInNpZ25pbmdfa2V5X2hhc2giOiI3ZGY2ZTY4M2M2NzA5MWI2YmNhYjQ5NWUzZjdmMmFhMTY5Yzc1ZjMxZmJhZmE1MGY0NzAyNGM4MWI5ZTcwNTNkIiwiaWF0IjoxNzM5NDQwNDc0LCJleHAiOjE3Mzk3ODYwNzR9.4FfPCrMYrpYbQ8uSPAo1-EYZarN4jhnGOY1nbbOO9Dw","discard_build":null,"app_automate":null}
[90m2025-02-13T09:54:37.912Z[39m [96mINFO[39m [97m@wdio/browserstack-service[39m Browserstack Local successfully started after 3171.8168320000004ms
[90m2025-02-13T09:54:45.577Z[39m [32mDEBUG[39m [97m@wdio/browserstack-service[39m Requesting Browserstack session URL at https://api.browserstack.com/automate/sessions/468f3b04f3284bc5fe1fb483e76a9fef16201908.json
[90m2025-02-13T09:54:45.888Z[39m [96mINFO[39m [97m@wdio/browserstack-service[39m Windows 10 Chrome latest session: https://automate.browserstack.com/builds/ab8dd534a7e0fbdc54d69db512b5a7481d9f1ed7/sessions/468f3b04f3284bc5fe1fb483e76a9fef16201908
[90m2025-02-13T09:54:45.893Z[39m [96mINFO[39m [97m@wdio/browserstack-service[39m Update job with sessionId 468f3b04f3284bc5fe1fb483e76a9fef16201908
[90m2025-02-13T09:54:45.893Z[39m [32mDEBUG[39m [97m@wdio/browserstack-service[39m Updating Browserstack session at https://api.browserstack.com/automate/sessions/468f3b04f3284bc5fe1fb483e76a9fef16201908.json with request body: 
[90m2025-02-13T09:54:46.193Z[39m [96mINFO[39m [97m@wdio/browserstack-service[39m Update job with sessionId 468f3b04f3284bc5fe1fb483e76a9fef16201908
[90m2025-02-13T09:54:46.193Z[39m [32mDEBUG[39m [97m@wdio/browserstack-service[39m Updating Browserstack session at https://api.browserstack.com/automate/sessions/468f3b04f3284bc5fe1fb483e76a9fef16201908.json with request body: 
[90m2025-02-13T09:54:46.572Z[39m [32mDEBUG[39m [97m@wdio/browserstack-service[39m Added data to request queue. Queue length = 1
[90m2025-02-13T09:54:47.113Z[39m [32mDEBUG[39m [97m@wdio/browserstack-service[39m Added data to request queue. Queue length = 2
[90m2025-02-13T09:54:47.355Z[39m [32mDEBUG[39m [97m@wdio/browserstack-service[39m Added data to request queue. Queue length = 3
[90m2025-02-13T09:54:47.904Z[39m [32mDEBUG[39m [97m@wdio/browserstack-service[39m Added data to request queue. Queue length = 4
[90m2025-02-13T09:54:48.210Z[39m [32mDEBUG[39m [97m@wdio/browserstack-service[39m Accessibility after test hook. Before sending test stop event
[90m2025-02-13T09:54:48.210Z[39m [32mDEBUG[39m [97m@wdio/browserstack-service[39m Added data to request queue. Queue length = 5
[90m2025-02-13T09:54:48.515Z[39m [96mINFO[39m [97m@wdio/browserstack-service[39m Update job with sessionId 468f3b04f3284bc5fe1fb483e76a9fef16201908
[90m2025-02-13T09:54:48.515Z[39m [32mDEBUG[39m [97m@wdio/browserstack-service[39m Updating Browserstack session at https://api.browserstack.com/automate/sessions/468f3b04f3284bc5fe1fb483e76a9fef16201908.json with request body: 
[90m2025-02-13T09:54:48.573Z[39m [32mDEBUG[39m [97m@wdio/browserstack-service[39m Sending data from request queue. Data length = 5, Queue length after removal = 0
[90m2025-02-13T09:54:48.573Z[39m [32mDEBUG[39m [97m@wdio/browserstack-service[39m calling callback with kind INTERVAL_QUEUE
[90m2025-02-13T09:54:48.573Z[39m [32mDEBUG[39m [97m@wdio/browserstack-service[39m callback: called with events 5
[90m2025-02-13T09:54:48.936Z[39m [32mDEBUG[39m [97m@wdio/browserstack-service[39m [BATCH_DATA] Success response: {"success":true}
[90m2025-02-13T09:54:48.936Z[39m [32mDEBUG[39m [97m@wdio/browserstack-service[39m callback: marking events success 5
[90m2025-02-13T09:54:48.940Z[39m [32mDEBUG[39m [97m@wdio/browserstack-service[39m [screenshot_upload] Success response: {"success":true}
[90m2025-02-13T09:54:48.940Z[39m [32mDEBUG[39m [97m@wdio/browserstack-service[39m Added data to request queue. Queue length = 1
[90m2025-02-13T09:54:48.957Z[39m [32mDEBUG[39m [97m@wdio/browserstack-service[39m teardown started
[90m2025-02-13T09:54:48.957Z[39m [32mDEBUG[39m [97m@wdio/browserstack-service[39m shutdown started
[90m2025-02-13T09:54:48.957Z[39m [32mDEBUG[39m [97m@wdio/browserstack-service[39m Shutting down request queue
[90m2025-02-13T09:54:48.957Z[39m [32mDEBUG[39m [97m@wdio/browserstack-service[39m calling callback with kind SHUTDOWN_QUEUE
[90m2025-02-13T09:54:48.957Z[39m [32mDEBUG[39m [97m@wdio/browserstack-service[39m callback: called with events 1
[90m2025-02-13T09:54:49.072Z[39m [32mDEBUG[39m [97m@wdio/browserstack-service[39m [BATCH_DATA] Success response: {"success":true}
[90m2025-02-13T09:54:49.072Z[39m [32mDEBUG[39m [97m@wdio/browserstack-service[39m callback: marking events success 1
[90m2025-02-13T09:54:49.072Z[39m [32mDEBUG[39m [97m@wdio/browserstack-service[39m shutdown ended
[90m2025-02-13T09:54:49.072Z[39m [32mDEBUG[39m [97m@wdio/browserstack-service[39m teardown ended
[90m2025-02-13T09:54:50.082Z[39m [32mDEBUG[39m [97m@wdio/browserstack-service[39m Added data to request queue. Queue length = 1
[90m2025-02-13T09:54:50.082Z[39m [32mDEBUG[39m [97m@wdio/browserstack-service[39m Force request-queue shutdown, as test run event is received after teardown
[90m2025-02-13T09:54:50.082Z[39m [32mDEBUG[39m [97m@wdio/browserstack-service[39m Sending data from request queue. Data length = 1, Queue length after removal = 0
[90m2025-02-13T09:54:50.082Z[39m [32mDEBUG[39m [97m@wdio/browserstack-service[39m calling callback with kind INTERVAL_QUEUE
[90m2025-02-13T09:54:50.082Z[39m [32mDEBUG[39m [97m@wdio/browserstack-service[39m callback: called with events 1
[90m2025-02-13T09:54:50.206Z[39m [32mDEBUG[39m [97m@wdio/browserstack-service[39m Inside OnComplete hook..
[90m2025-02-13T09:54:50.206Z[39m [32mDEBUG[39m [97m@wdio/browserstack-service[39m Sending stop launch event
[90m2025-02-13T09:54:50.557Z[39m [32mDEBUG[39m [97m@wdio/browserstack-service[39m [STOP_BUILD] Success response: 
[90m2025-02-13T09:54:50.558Z[39m [32mDEBUG[39m [97m@wdio/browserstack-service[39m Reading worker file worker-data-2740386.json
[90m2025-02-13T09:54:50.560Z[39m [32mDEBUG[39m [97m@wdio/browserstack-service[39m Sending SDK event with data {
  userName: '[REDACTED]',
  accessKey: '[REDACTED]',
  event_type: 'SDKTestSuccessful',
  detectedFramework: 'WebdriverIO-mocha',
  event_properties: {
    language_framework: 'WebdriverIO_mocha',
    referrer: 'WebdriverIO-mocha/9.7.3',
    language: 'WebdriverIO',
    languageVersion: 'v22.12.0',
    buildName: 'undefined',
    buildIdentifier: 'undefined',
    os: 'Linux',
    hostname: 'T14s',
    productMap: {
      observability: true,
      accessibility: false,
      percy: false,
      automate: true,
      app_automate: false
    },
    product: [ 'observability', 'automate' ],
    productUsage: {
      testObservability: {
        enabled: true,
        manuallySet: true,
        buildHashedId: '1nqfdud4h0fhnaqdgpiiv4igknfrluzmnpebrwia',
        events: {
          buildEvents: {
            started: { isTriggered: true, status: 'success', error: undefined },
            finished: { isTriggered: true, status: 'success', error: undefined }
          },
          testEvents: {
            started: { triggeredCount: 1, sentCount: 1, failedCount: 0 },
            finished: { triggeredCount: 1, sentCount: 1, failedCount: 0 },
            failed: { triggeredCount: 1, sentCount: 1, failedCount: 0 }
          },
          hookEvents: {
            started: { triggeredCount: 0, sentCount: 0, failedCount: 0 },
            finished: { triggeredCount: 0, sentCount: 0, failedCount: 0 }
          },
          logEvents: {
            triggeredCount: 5,
            sentCount: 5,
            failedCount: 0,
            http: { triggeredCount: 4, sentCount: 4, failedCount: 0 },
            screenshot: { triggeredCount: 1, sentCount: 1, failedCount: 0 }
          },
          cbtSessionEvents: { triggeredCount: 0, sentCount: 0, failedCount: 0 }
        }
      }
    }
  }
}
[90m2025-02-13T09:54:50.910Z[39m [32mDEBUG[39m [97m@wdio/browserstack-service[39m Funnel Event Response: "{\"message\":\"SDK Event recorded successfully\"}"
[90m2025-02-13T09:54:50.911Z[39m [32mDEBUG[39m [97m@wdio/browserstack-service[39m Funnel event success
[90m2025-02-13T09:54:51.618Z[39m [96mINFO[39m [97m@wdio/browserstack-service[39m Upload response: {
  "status": "success",
  "message": "Logs upload successful in file - logs.gz"
}
[90m2025-02-13T09:54:51.618Z[39m [32mDEBUG[39m [97m@wdio/browserstack-service[39m Response - {
  status: 'success',
  message: 'Logs upload successful in file - logs.gz'
}
