<?xml version="1.0" encoding="UTF-8"?>
<testsuites tests="1" failures="0" errors="0" skipped="0">
  <testsuite name="Home page" timestamp="2024-11-22T13:52:00" time="0.372" tests="1" failures="0" errors="0" skipped="0">
    <properties>
      <property name="specId" value="0"/>
      <property name="suiteName" value="Home page"/>
      <property name="capabilities" value="chrome.119_0_6045_199.linux"/>
      <property name="file" value="file://./test/specs/home.e2e.js"/>
    </properties>
    <testcase classname="chrome.119_0_6045_199.linux.Home_page" name="Should be on the Home page" time="0.372">
      <system-out><![CDATA[
COMMAND: POST /session/2ea67246d1523fb819d1ad4f161d22b6/url - {"url":"http://cdp-example-node-frontend:3000/"}
RESULT: {"url":"http://cdp-example-node-frontend:3000/"}
COMMAND: GET /session/2ea67246d1523fb819d1ad4f161d22b6/title - {}
RESULT: {}
COMMAND: GET /session/2ea67246d1523fb819d1ad4f161d22b6/screenshot - {}
RESULT: {}
COMMAND: DELETE /session/2ea67246d1523fb819d1ad4f161d22b6 - {}
RESULT: {}
]]></system-out>
    </testcase>
  </testsuite>
</testsuites>